07:56:10 - File : GestionFichier.py - Ligne : 91 - L'aéroport de départ EVRA n'est pas valide
07:56:11 - File : GestionFichier.py - Ligne : 91 - L'aéroport de départ OTHH n'est pas valide
07:56:11 - File : GestionFichier.py - Ligne : 100 - L'aéroport d'arrivée LTFE n'est pas valide
07:56:12 - File : GestionFichier.py - Ligne : 91 - L'aéroport de départ ZSPD n'est pas valide
07:56:13 - File : GestionFichier.py - Ligne : 91 - L'aéroport de départ OTHH n'est pas valide
07:56:18 - File : GestionFichier.py - Ligne : 100 - L'aéroport d'arrivée SAEZ n'est pas valide
07:56:19 - File : GestionFichier.py - Ligne : 91 - L'aéroport de départ KOQU n'est pas valide
07:56:19 - File : GestionFichier.py - Ligne : 91 - L'aéroport de départ ZSPD n'est pas valide
07:56:20 - File : GestionFichier.py - Ligne : 91 - L'aéroport de départ HKJK n'est pas valide
07:56:20 - File : GestionFichier.py - Ligne : 91 - L'aéroport de départ ZSPD n'est pas valide
07:56:20 - File : GestionFichier.py - Ligne : 91 - L'aéroport de départ OTHH n'est pas valide
07:56:20 - File : GestionFichier.py - Ligne : 91 - L'aéroport de départ EYVI n'est pas valide
07:56:21 - File : GestionFichier.py - Ligne : 91 - L'aéroport de départ EVRA n'est pas valide
07:56:22 - File : GestionFichier.py - Ligne : 100 - L'aéroport d'arrivée LFOQ n'est pas valide
07:56:22 - File : GestionFichier.py - Ligne : 91 - L'aéroport de départ ZSPD n'est pas valide
07:56:23 - File : GestionFichier.py - Ligne : 91 - L'aéroport de départ EVRA n'est pas valide
07:56:25 - File : GestionFichier.py - Ligne : 100 - L'aéroport d'arrivée LFJR n'est pas valide
07:56:26 - File : GestionFichier.py - Ligne : 91 - L'aéroport de départ EGSO n'est pas valide
07:56:26 - File : GestionFichier.py - Ligne : 100 - L'aéroport d'arrivée LFBH n'est pas valide
07:56:28 - File : GestionFichier.py - Ligne : 91 - L'aéroport de départ LTFJ n'est pas valide
07:56:29 - File : GestionFichier.py - Ligne : 91 - L'aéroport de départ LTFJ n'est pas valide
07:56:31 - File : GestionFichier.py - Ligne : 91 - L'aéroport de départ EPBY n'est pas valide
07:56:32 - File : GestionFichier.py - Ligne : 91 - L'aéroport de départ OTHH n'est pas valide
07:56:32 - File : GestionFichier.py - Ligne : 91 - L'aéroport de départ EDLV n'est pas valide
07:56:33 - File : GestionFichier.py - Ligne : 100 - L'aéroport d'arrivée GMAD n'est pas valide
07:56:33 - File : GestionFichier.py - Ligne : 91 - L'aéroport de départ LTFJ n'est pas valide
07:56:33 - File : GestionFichier.py - Ligne : 100 - L'aéroport d'arrivée GMAD n'est pas valide
07:56:33 - File : GestionFichier.py - Ligne : 100 - L'aéroport d'arrivée LFBH n'est pas valide
07:56:33 - File : GestionFichier.py - Ligne : 100 - L'aéroport d'arrivée GMAD n'est pas valide
07:56:34 - File : GestionFichier.py - Ligne : 91 - L'aéroport de départ EPMO n'est pas valide
07:56:36 - File : GestionFichier.py - Ligne : 91 - L'aéroport de départ ZSPD n'est pas valide
07:56:36 - File : GestionFichier.py - Ligne : 100 - L'aéroport d'arrivée LFTZ n'est pas valide
07:56:36 - File : GestionFichier.py - Ligne : 91 - L'aéroport de départ HEMA n'est pas valide
07:56:37 - File : GestionFichier.py - Ligne : 91 - L'aéroport de départ LTFJ n'est pas valide
07:56:37 - File : GestionFichier.py - Ligne : 91 - L'aéroport de départ RJBB n'est pas valide
07:56:38 - File : GestionFichier.py - Ligne : 91 - L'aéroport de départ RJBB n'est pas valide
07:56:40 - File : GestionFichier.py - Ligne : 91 - L'aéroport de départ ZSPD n'est pas valide
07:56:41 - File : GestionFichier.py - Ligne : 91 - L'aéroport de départ OTHH n'est pas valide
07:56:44 - File : GestionFichier.py - Ligne : 100 - L'aéroport d'arrivée SAEZ n'est pas valide
07:56:45 - File : GestionFichier.py - Ligne : 91 - L'aéroport de départ HDAM n'est pas valide
07:56:45 - File : GestionFichier.py - Ligne : 91 - L'aéroport de départ ZSPD n'est pas valide
07:56:45 - File : GestionFichier.py - Ligne : 91 - L'aéroport de départ HKJK n'est pas valide
07:56:45 - File : GestionFichier.py - Ligne : 91 - L'aéroport de départ ZSPD n'est pas valide
07:56:46 - File : GestionFichier.py - Ligne : 91 - L'aéroport de départ ZSPD n'est pas valide
07:56:46 - File : GestionFichier.py - Ligne : 91 - L'aéroport de départ OTHH n'est pas valide
07:56:49 - File : GestionFichier.py - Ligne : 91 - L'aéroport de départ EVRA n'est pas valide
07:56:50 - File : GestionFichier.py - Ligne : 100 - L'aéroport d'arrivée LFTZ n'est pas valide
07:56:50 - File : GestionFichier.py - Ligne : 100 - L'aéroport d'arrivée LFTZ n'est pas valide
07:56:50 - File : GestionFichier.py - Ligne : 91 - L'aéroport de départ LTFE n'est pas valide
07:56:54 - File : GestionFichier.py - Ligne : 91 - L'aéroport de départ LTFJ n'est pas valide
07:56:54 - File : GestionFichier.py - Ligne : 100 - L'aéroport d'arrivée LTFJ n'est pas valide
07:56:55 - File : GestionFichier.py - Ligne : 100 - L'aéroport d'arrivée HKJK n'est pas valide
07:56:55 - File : GestionFichier.py - Ligne : 91 - L'aéroport de départ LTFJ n'est pas valide
07:56:56 - File : GestionFichier.py - Ligne : 91 - L'aéroport de départ OTHH n'est pas valide
07:56:56 - File : GestionFichier.py - Ligne : 91 - L'aéroport de départ LTFE n'est pas valide
07:56:57 - File : GestionFichier.py - Ligne : 91 - L'aéroport de départ LTFE n'est pas valide
07:56:58 - File : GestionFichier.py - Ligne : 91 - L'aéroport de départ LTFJ n'est pas valide
07:56:58 - File : GestionFichier.py - Ligne : 91 - L'aéroport de départ EPMO n'est pas valide
07:57:00 - File : GestionFichier.py - Ligne : 91 - L'aéroport de départ LTFJ n'est pas valide
07:57:01 - File : GestionFichier.py - Ligne : 91 - L'aéroport de départ ZSPD n'est pas valide
07:57:01 - File : GestionFichier.py - Ligne : 91 - L'aéroport de départ RJBB n'est pas valide
07:57:02 - File : GestionFichier.py - Ligne : 91 - L'aéroport de départ LTFJ n'est pas valide
07:57:03 - File : GestionFichier.py - Ligne : 91 - L'aéroport de départ EVRA n'est pas valide
07:57:05 - File : GestionFichier.py - Ligne : 91 - L'aéroport de départ OTHH n'est pas valide
07:57:06 - File : GestionFichier.py - Ligne : 91 - L'aéroport de départ ZSPD n'est pas valide
07:57:06 - File : GestionFichier.py - Ligne : 91 - L'aéroport de départ UDYZ n'est pas valide
07:57:08 - File : GestionFichier.py - Ligne : 91 - L'aéroport de départ EYVI n'est pas valide
07:57:09 - File : GestionFichier.py - Ligne : 100 - L'aéroport d'arrivée SAEZ n'est pas valide
07:57:10 - File : GestionFichier.py - Ligne : 91 - L'aéroport de départ ZSPD n'est pas valide
07:57:10 - File : GestionFichier.py - Ligne : 91 - L'aéroport de départ HKJK n'est pas valide
07:57:10 - File : GestionFichier.py - Ligne : 91 - L'aéroport de départ HKJK n'est pas valide
07:57:11 - File : GestionFichier.py - Ligne : 91 - L'aéroport de départ ZSPD n'est pas valide
07:57:11 - File : GestionFichier.py - Ligne : 91 - L'aéroport de départ ZSPD n'est pas valide
07:57:11 - File : GestionFichier.py - Ligne : 91 - L'aéroport de départ OTHH n'est pas valide
07:57:13 - File : GestionFichier.py - Ligne : 91 - L'aéroport de départ UNNT n'est pas valide
07:57:14 - File : GestionFichier.py - Ligne : 91 - L'aéroport de départ EVRA n'est pas valide
07:57:16 - File : GestionFichier.py - Ligne : 100 - L'aéroport d'arrivée ZZZZ n'est pas valide
07:57:17 - File : GestionFichier.py - Ligne : 100 - L'aéroport d'arrivée ZZZZ n'est pas valide
07:57:19 - File : GestionFichier.py - Ligne : 91 - L'aéroport de départ LTFJ n'est pas valide
07:57:20 - File : GestionFichier.py - Ligne : 100 - L'aéroport d'arrivée HKJK n'est pas valide
